<?xml version="1.0" encoding="UTF-8"?>
<!-- Generated by org.testng.reporters.JUnitReportReporter -->
<testsuite hostname="DESKTOP-G609BEC" failures="0" tests="6" name="org.flipkart.addtocart.InsertProductToCart" time="331.694" errors="2" timestamp="2022-10-07T16:30:22 IST" skipped="4">
  <testcase classname="org.flipkart.addtocart.InsertProductToCart" name="insertProductToCart" time="55.045">
    <error message="An element could not be located on the page using the given search parameters. (WARNING: The server did not provide any stacktrace information)
Command duration or timeout: 10.51 seconds
For documentation on this error, please visit: http://seleniumhq.org/exceptions/no_such_element.html
Build info: version: &#039;2.53.1&#039;, revision: &#039;a36b8b1cd5757287168e54b817830adce9b0158d&#039;, time: &#039;2016-06-30 19:26:09&#039;
System info: host: &#039;DESKTOP-G609BEC&#039;, ip: &#039;192.168.0.134&#039;, os.name: &#039;Windows 10&#039;, os.arch: &#039;amd64&#039;, os.version: &#039;10.0&#039;, java.version: &#039;16.0.1&#039;
Driver info: io.appium.java_client.android.AndroidDriver
Capabilities [{appPackage=com.flipkart.android, statBarHeight=77, noReset=true, viewportRect={top=77, left=0, width=720, height=1334}, deviceName=R9ZNC03VN6X, platform=LINUX, deviceUDID=R9ZNC03VN6X, desired={appPackage=com.flipkart.android, appActivity=com.flipkart.android.activity.HomeFragmentHolderActivity, noReset=true, platformVersion=12, platformName=Android, udid=R9ZNC03VN6X}, platformVersion=12, webStorageEnabled=false, takesScreenshot=true, javascriptEnabled=true, platformName=Android, udid=R9ZNC03VN6X, deviceApiLevel=31, deviceManufacturer=samsung, deviceScreenSize=720x1560, networkConnectionEnabled=true, warnings={}, databaseEnabled=false, appActivity=com.flipkart.android.activity.HomeFragmentHolderActivity, pixelRatio=1.75, locationContextEnabled=false, deviceScreenDensity=280, deviceModel=SM-M115F}]
Session ID: 24e49bc7-7c5f-422b-92c5-8b8bc844470f
*** Element info: {Using=xpath, value=//android.widget.TextView[@text=&#039;Add to cart&#039;]}" type="org.openqa.selenium.NoSuchElementException">
      <![CDATA[org.openqa.selenium.NoSuchElementException: An element could not be located on the page using the given search parameters. (WARNING: The server did not provide any stacktrace information)
Command duration or timeout: 10.51 seconds
For documentation on this error, please visit: http://seleniumhq.org/exceptions/no_such_element.html
Build info: version: '2.53.1', revision: 'a36b8b1cd5757287168e54b817830adce9b0158d', time: '2016-06-30 19:26:09'
System info: host: 'DESKTOP-G609BEC', ip: '192.168.0.134', os.name: 'Windows 10', os.arch: 'amd64', os.version: '10.0', java.version: '16.0.1'
Driver info: io.appium.java_client.android.AndroidDriver
Capabilities [{appPackage=com.flipkart.android, statBarHeight=77, noReset=true, viewportRect={top=77, left=0, width=720, height=1334}, deviceName=R9ZNC03VN6X, platform=LINUX, deviceUDID=R9ZNC03VN6X, desired={appPackage=com.flipkart.android, appActivity=com.flipkart.android.activity.HomeFragmentHolderActivity, noReset=true, platformVersion=12, platformName=Android, udid=R9ZNC03VN6X}, platformVersion=12, webStorageEnabled=false, takesScreenshot=true, javascriptEnabled=true, platformName=Android, udid=R9ZNC03VN6X, deviceApiLevel=31, deviceManufacturer=samsung, deviceScreenSize=720x1560, networkConnectionEnabled=true, warnings={}, databaseEnabled=false, appActivity=com.flipkart.android.activity.HomeFragmentHolderActivity, pixelRatio=1.75, locationContextEnabled=false, deviceScreenDensity=280, deviceModel=SM-M115F}]
Session ID: 24e49bc7-7c5f-422b-92c5-8b8bc844470f
*** Element info: {Using=xpath, value=//android.widget.TextView[@text='Add to cart']}
at java.base/jdk.internal.reflect.NativeConstructorAccessorImpl.newInstance0(Native Method)
at java.base/jdk.internal.reflect.NativeConstructorAccessorImpl.newInstance(NativeConstructorAccessorImpl.java:78)
at java.base/jdk.internal.reflect.DelegatingConstructorAccessorImpl.newInstance(DelegatingConstructorAccessorImpl.java:45)
at java.base/java.lang.reflect.Constructor.newInstanceWithCaller(Constructor.java:499)
at java.base/java.lang.reflect.Constructor.newInstance(Constructor.java:480)
at org.openqa.selenium.remote.ErrorHandler.createThrowable(ErrorHandler.java:206)
at org.openqa.selenium.remote.ErrorHandler.throwIfResponseFailed(ErrorHandler.java:158)
at org.openqa.selenium.remote.RemoteWebDriver.execute(RemoteWebDriver.java:678)
at io.appium.java_client.DefaultGenericMobileDriver.execute(DefaultGenericMobileDriver.java:40)
at io.appium.java_client.AppiumDriver.execute(AppiumDriver.java:1)
at io.appium.java_client.android.AndroidDriver.execute(AndroidDriver.java:1)
at org.openqa.selenium.remote.RemoteWebDriver.findElement(RemoteWebDriver.java:363)
at io.appium.java_client.DefaultGenericMobileDriver.findElement(DefaultGenericMobileDriver.java:56)
at io.appium.java_client.AppiumDriver.findElement(AppiumDriver.java:1)
at io.appium.java_client.android.AndroidDriver.findElement(AndroidDriver.java:1)
at org.openqa.selenium.remote.RemoteWebDriver.findElementByXPath(RemoteWebDriver.java:500)
at io.appium.java_client.DefaultGenericMobileDriver.findElementByXPath(DefaultGenericMobileDriver.java:134)
at io.appium.java_client.AppiumDriver.findElementByXPath(AppiumDriver.java:1)
at io.appium.java_client.android.AndroidDriver.findElementByXPath(AndroidDriver.java:1)
at org.openqa.selenium.By$ByXPath.findElement(By.java:361)
at org.openqa.selenium.remote.RemoteWebDriver.findElement(RemoteWebDriver.java:355)
at io.appium.java_client.DefaultGenericMobileDriver.findElement(DefaultGenericMobileDriver.java:52)
at io.appium.java_client.AppiumDriver.findElement(AppiumDriver.java:1)
at io.appium.java_client.android.AndroidDriver.findElement(AndroidDriver.java:1)
at org.openqa.selenium.support.pagefactory.DefaultElementLocator.findElement(DefaultElementLocator.java:69)
at org.openqa.selenium.support.pagefactory.internal.LocatingElementHandler.invoke(LocatingElementHandler.java:38)
at jdk.proxy2/jdk.proxy2.$Proxy17.click(Unknown Source)
at org.objectRepository.ProductPage.clickAddToCart(ProductPage.java:42)
at org.flipkart.addtocart.InsertProductToCart.insertProductToCart(InsertProductToCart.java:18)
at java.base/jdk.internal.reflect.NativeMethodAccessorImpl.invoke0(Native Method)
at java.base/jdk.internal.reflect.NativeMethodAccessorImpl.invoke(NativeMethodAccessorImpl.java:78)
at java.base/jdk.internal.reflect.DelegatingMethodAccessorImpl.invoke(DelegatingMethodAccessorImpl.java:43)
at java.base/java.lang.reflect.Method.invoke(Method.java:567)
at org.testng.internal.MethodInvocationHelper.invokeMethod(MethodInvocationHelper.java:133)
at org.testng.internal.TestInvoker.invokeMethod(TestInvoker.java:598)
at org.testng.internal.TestInvoker.retryFailed(TestInvoker.java:213)
at org.testng.internal.MethodRunner.runInSequence(MethodRunner.java:58)
at org.testng.internal.TestInvoker$MethodInvocationAgent.invoke(TestInvoker.java:824)
at org.testng.internal.TestInvoker.invokeTestMethods(TestInvoker.java:146)
at org.testng.internal.TestMethodWorker.invokeTestMethods(TestMethodWorker.java:146)
at org.testng.internal.TestMethodWorker.run(TestMethodWorker.java:128)
at java.base/java.util.ArrayList.forEach(ArrayList.java:1511)
at org.testng.TestRunner.privateRun(TestRunner.java:794)
at org.testng.TestRunner.run(TestRunner.java:596)
at org.testng.SuiteRunner.runTest(SuiteRunner.java:377)
at org.testng.SuiteRunner.access$000(SuiteRunner.java:28)
at org.testng.SuiteRunner$SuiteWorker.run(SuiteRunner.java:418)
at org.testng.internal.thread.ThreadUtil.lambda$execute$0(ThreadUtil.java:64)
at java.base/java.util.concurrent.FutureTask.run(FutureTask.java:264)
at java.base/java.util.concurrent.ThreadPoolExecutor.runWorker(ThreadPoolExecutor.java:1130)
at java.base/java.util.concurrent.ThreadPoolExecutor$Worker.run(ThreadPoolExecutor.java:630)
at java.base/java.lang.Thread.run(Thread.java:831)
]]>
    </error>
  </testcase> <!-- insertProductToCart -->
  <system-out/>
  <testcase classname="org.flipkart.addtocart.InsertProductToCart" name="insertProductToCart" time="50.001">
    <skipped/>
  </testcase> <!-- insertProductToCart -->
  <system-out/>
  <testcase classname="org.flipkart.addtocart.InsertProductToCart" name="insertProductToCart" time="81.095">
    <skipped/>
  </testcase> <!-- insertProductToCart -->
  <system-out/>
  <testcase classname="org.flipkart.addtocart.InsertProductToCart" name="insertProductToCart" time="48.999">
    <skipped/>
  </testcase> <!-- insertProductToCart -->
  <system-out/>
  <testcase classname="org.flipkart.addtocart.InsertProductToCart" name="insertProductToCart" time="62.827">
    <error message="An element could not be located on the page using the given search parameters. (WARNING: The server did not provide any stacktrace information)
Command duration or timeout: 10.10 seconds
For documentation on this error, please visit: http://seleniumhq.org/exceptions/no_such_element.html
Build info: version: &#039;2.53.1&#039;, revision: &#039;a36b8b1cd5757287168e54b817830adce9b0158d&#039;, time: &#039;2016-06-30 19:26:09&#039;
System info: host: &#039;DESKTOP-G609BEC&#039;, ip: &#039;192.168.0.134&#039;, os.name: &#039;Windows 10&#039;, os.arch: &#039;amd64&#039;, os.version: &#039;10.0&#039;, java.version: &#039;16.0.1&#039;
Driver info: io.appium.java_client.android.AndroidDriver
Capabilities [{appPackage=com.flipkart.android, statBarHeight=76, noReset=true, viewportRect={top=76, left=0, width=1080, height=2144}, deviceName=x4soukivqw59pnjr, platform=LINUX, deviceUDID=x4soukivqw59pnjr, desired={appPackage=com.flipkart.android, appActivity=com.flipkart.android.activity.HomeFragmentHolderActivity, noReset=true, platformVersion=12, platformName=Android, udid=x4soukivqw59pnjr}, platformVersion=11, webStorageEnabled=false, takesScreenshot=true, javascriptEnabled=true, platformName=Android, udid=x4soukivqw59pnjr, deviceApiLevel=30, deviceManufacturer=Xiaomi, deviceScreenSize=1080x2340, networkConnectionEnabled=true, warnings={}, databaseEnabled=false, appActivity=com.flipkart.android.activity.HomeFragmentHolderActivity, pixelRatio=2.75, locationContextEnabled=false, deviceScreenDensity=440, deviceModel=Redmi Note 8 Pro}]
Session ID: 3be9c0af-1c07-4b88-b4c6-3bbf8bd80474
*** Element info: {Using=xpath, value=//android.widget.TextView[@text=&#039;Brand Mall&#039;]/parent::android.view.ViewGroup/android.view.ViewGroup[@index=&#039;2&#039;]}" type="org.openqa.selenium.NoSuchElementException">
      <![CDATA[org.openqa.selenium.NoSuchElementException: An element could not be located on the page using the given search parameters. (WARNING: The server did not provide any stacktrace information)
Command duration or timeout: 10.10 seconds
For documentation on this error, please visit: http://seleniumhq.org/exceptions/no_such_element.html
Build info: version: '2.53.1', revision: 'a36b8b1cd5757287168e54b817830adce9b0158d', time: '2016-06-30 19:26:09'
System info: host: 'DESKTOP-G609BEC', ip: '192.168.0.134', os.name: 'Windows 10', os.arch: 'amd64', os.version: '10.0', java.version: '16.0.1'
Driver info: io.appium.java_client.android.AndroidDriver
Capabilities [{appPackage=com.flipkart.android, statBarHeight=76, noReset=true, viewportRect={top=76, left=0, width=1080, height=2144}, deviceName=x4soukivqw59pnjr, platform=LINUX, deviceUDID=x4soukivqw59pnjr, desired={appPackage=com.flipkart.android, appActivity=com.flipkart.android.activity.HomeFragmentHolderActivity, noReset=true, platformVersion=12, platformName=Android, udid=x4soukivqw59pnjr}, platformVersion=11, webStorageEnabled=false, takesScreenshot=true, javascriptEnabled=true, platformName=Android, udid=x4soukivqw59pnjr, deviceApiLevel=30, deviceManufacturer=Xiaomi, deviceScreenSize=1080x2340, networkConnectionEnabled=true, warnings={}, databaseEnabled=false, appActivity=com.flipkart.android.activity.HomeFragmentHolderActivity, pixelRatio=2.75, locationContextEnabled=false, deviceScreenDensity=440, deviceModel=Redmi Note 8 Pro}]
Session ID: 3be9c0af-1c07-4b88-b4c6-3bbf8bd80474
*** Element info: {Using=xpath, value=//android.widget.TextView[@text='Brand Mall']/parent::android.view.ViewGroup/android.view.ViewGroup[@index='2']}
at java.base/jdk.internal.reflect.NativeConstructorAccessorImpl.newInstance0(Native Method)
at java.base/jdk.internal.reflect.NativeConstructorAccessorImpl.newInstance(NativeConstructorAccessorImpl.java:78)
at java.base/jdk.internal.reflect.DelegatingConstructorAccessorImpl.newInstance(DelegatingConstructorAccessorImpl.java:45)
at java.base/java.lang.reflect.Constructor.newInstanceWithCaller(Constructor.java:499)
at java.base/java.lang.reflect.Constructor.newInstance(Constructor.java:480)
at org.openqa.selenium.remote.ErrorHandler.createThrowable(ErrorHandler.java:206)
at org.openqa.selenium.remote.ErrorHandler.throwIfResponseFailed(ErrorHandler.java:158)
at org.openqa.selenium.remote.RemoteWebDriver.execute(RemoteWebDriver.java:678)
at io.appium.java_client.DefaultGenericMobileDriver.execute(DefaultGenericMobileDriver.java:40)
at io.appium.java_client.AppiumDriver.execute(AppiumDriver.java:1)
at io.appium.java_client.android.AndroidDriver.execute(AndroidDriver.java:1)
at org.openqa.selenium.remote.RemoteWebDriver.findElement(RemoteWebDriver.java:363)
at io.appium.java_client.DefaultGenericMobileDriver.findElement(DefaultGenericMobileDriver.java:56)
at io.appium.java_client.AppiumDriver.findElement(AppiumDriver.java:1)
at io.appium.java_client.android.AndroidDriver.findElement(AndroidDriver.java:1)
at org.openqa.selenium.remote.RemoteWebDriver.findElementByXPath(RemoteWebDriver.java:500)
at io.appium.java_client.DefaultGenericMobileDriver.findElementByXPath(DefaultGenericMobileDriver.java:134)
at io.appium.java_client.AppiumDriver.findElementByXPath(AppiumDriver.java:1)
at io.appium.java_client.android.AndroidDriver.findElementByXPath(AndroidDriver.java:1)
at org.openqa.selenium.By$ByXPath.findElement(By.java:361)
at org.openqa.selenium.remote.RemoteWebDriver.findElement(RemoteWebDriver.java:355)
at io.appium.java_client.DefaultGenericMobileDriver.findElement(DefaultGenericMobileDriver.java:52)
at io.appium.java_client.AppiumDriver.findElement(AppiumDriver.java:1)
at io.appium.java_client.android.AndroidDriver.findElement(AndroidDriver.java:1)
at org.openqa.selenium.support.pagefactory.DefaultElementLocator.findElement(DefaultElementLocator.java:69)
at org.openqa.selenium.support.pagefactory.internal.LocatingElementHandler.invoke(LocatingElementHandler.java:38)
at jdk.proxy2/jdk.proxy2.$Proxy17.click(Unknown Source)
at org.objectRepository.HomePage.searchProduct(HomePage.java:31)
at org.flipkart.addtocart.InsertProductToCart.insertProductToCart(InsertProductToCart.java:16)
at java.base/jdk.internal.reflect.NativeMethodAccessorImpl.invoke0(Native Method)
at java.base/jdk.internal.reflect.NativeMethodAccessorImpl.invoke(NativeMethodAccessorImpl.java:78)
at java.base/jdk.internal.reflect.DelegatingMethodAccessorImpl.invoke(DelegatingMethodAccessorImpl.java:43)
at java.base/java.lang.reflect.Method.invoke(Method.java:567)
at org.testng.internal.MethodInvocationHelper.invokeMethod(MethodInvocationHelper.java:133)
at org.testng.internal.TestInvoker.invokeMethod(TestInvoker.java:598)
at org.testng.internal.TestInvoker.retryFailed(TestInvoker.java:213)
at org.testng.internal.MethodRunner.runInSequence(MethodRunner.java:58)
at org.testng.internal.TestInvoker$MethodInvocationAgent.invoke(TestInvoker.java:824)
at org.testng.internal.TestInvoker.invokeTestMethods(TestInvoker.java:146)
at org.testng.internal.TestMethodWorker.invokeTestMethods(TestMethodWorker.java:146)
at org.testng.internal.TestMethodWorker.run(TestMethodWorker.java:128)
at java.base/java.util.ArrayList.forEach(ArrayList.java:1511)
at org.testng.TestRunner.privateRun(TestRunner.java:794)
at org.testng.TestRunner.run(TestRunner.java:596)
at org.testng.SuiteRunner.runTest(SuiteRunner.java:377)
at org.testng.SuiteRunner.access$000(SuiteRunner.java:28)
at org.testng.SuiteRunner$SuiteWorker.run(SuiteRunner.java:418)
at org.testng.internal.thread.ThreadUtil.lambda$execute$0(ThreadUtil.java:64)
at java.base/java.util.concurrent.FutureTask.run(FutureTask.java:264)
at java.base/java.util.concurrent.ThreadPoolExecutor.runWorker(ThreadPoolExecutor.java:1130)
at java.base/java.util.concurrent.ThreadPoolExecutor$Worker.run(ThreadPoolExecutor.java:630)
at java.base/java.lang.Thread.run(Thread.java:831)
]]>
    </error>
  </testcase> <!-- insertProductToCart -->
  <system-out/>
  <testcase classname="org.flipkart.addtocart.InsertProductToCart" name="insertProductToCart" time="33.727">
    <skipped/>
  </testcase> <!-- insertProductToCart -->
  <system-out/>
</testsuite> <!-- org.flipkart.addtocart.InsertProductToCart -->
